  [1m[35m (0.1ms)[0m  [1m[34mSELECT sqlite_version(*)[0m
  ↳ bin/rails:9
  [1m[35m (1.3ms)[0m  [1m[35mCREATE TABLE "schema_migrations" ("version" varchar NOT NULL PRIMARY KEY)[0m
  ↳ bin/rails:9
  [1m[35m (1.1ms)[0m  [1m[35mCREATE TABLE "ar_internal_metadata" ("key" varchar NOT NULL PRIMARY KEY, "value" varchar, "created_at" datetime NOT NULL, "updated_at" datetime NOT NULL)[0m
  ↳ bin/rails:9
  [1m[35m (0.1ms)[0m  [1m[34mSELECT "schema_migrations"."version" FROM "schema_migrations" ORDER BY "schema_migrations"."version" ASC[0m
  ↳ bin/rails:9
Migrating to CreateUsers (20190304211746)
  [1m[35m (0.1ms)[0m  [1m[36mbegin transaction[0m
  ↳ bin/rails:9
  [1m[35m (0.3ms)[0m  [1m[35mCREATE TABLE "users" ("id" integer PRIMARY KEY AUTOINCREMENT NOT NULL, "name" varchar, "created_at" datetime NOT NULL, "updated_at" datetime NOT NULL)[0m
  ↳ db/migrate/20190304211746_create_users.rb:3
  [1m[36mActiveRecord::SchemaMigration Create (0.2ms)[0m  [1m[32mINSERT INTO "schema_migrations" ("version") VALUES (?)[0m  [["version", "20190304211746"]]
  ↳ bin/rails:9
  [1m[35m (1.7ms)[0m  [1m[36mcommit transaction[0m
  ↳ bin/rails:9
Migrating to CreateWorkouts (20190304211822)
  [1m[35m (0.1ms)[0m  [1m[36mbegin transaction[0m
  ↳ bin/rails:9
  [1m[35m (0.4ms)[0m  [1m[35mCREATE TABLE "workouts" ("id" integer PRIMARY KEY AUTOINCREMENT NOT NULL, "name" varchar, "user_id" integer, "created_at" datetime NOT NULL, "updated_at" datetime NOT NULL)[0m
  ↳ db/migrate/20190304211822_create_workouts.rb:3
  [1m[36mActiveRecord::SchemaMigration Create (0.2ms)[0m  [1m[32mINSERT INTO "schema_migrations" ("version") VALUES (?)[0m  [["version", "20190304211822"]]
  ↳ bin/rails:9
  [1m[35m (1.7ms)[0m  [1m[36mcommit transaction[0m
  ↳ bin/rails:9
Migrating to CreateExercises (20190304211847)
  [1m[35m (0.1ms)[0m  [1m[36mbegin transaction[0m
  ↳ bin/rails:9
  [1m[35m (0.4ms)[0m  [1m[35mCREATE TABLE "exercises" ("id" integer PRIMARY KEY AUTOINCREMENT NOT NULL, "name" varchar, "created_at" datetime NOT NULL, "updated_at" datetime NOT NULL)[0m
  ↳ db/migrate/20190304211847_create_exercises.rb:3
  [1m[36mActiveRecord::SchemaMigration Create (0.2ms)[0m  [1m[32mINSERT INTO "schema_migrations" ("version") VALUES (?)[0m  [["version", "20190304211847"]]
  ↳ bin/rails:9
  [1m[35m (1.1ms)[0m  [1m[36mcommit transaction[0m
  ↳ bin/rails:9
Migrating to CreateWorkoutExercises (20190304212105)
  [1m[35m (0.1ms)[0m  [1m[36mbegin transaction[0m
  ↳ bin/rails:9
  [1m[35m (0.4ms)[0m  [1m[35mCREATE TABLE "workout_exercises" ("id" integer PRIMARY KEY AUTOINCREMENT NOT NULL, "workout_id" integer, "exercise_id" integer, "sets" integer, "reps" integer, "weight" varchar, "created_at" datetime NOT NULL, "updated_at" datetime NOT NULL)[0m
  ↳ db/migrate/20190304212105_create_workout_exercises.rb:3
  [1m[36mActiveRecord::SchemaMigration Create (0.3ms)[0m  [1m[32mINSERT INTO "schema_migrations" ("version") VALUES (?)[0m  [["version", "20190304212105"]]
  ↳ bin/rails:9
  [1m[35m (1.3ms)[0m  [1m[36mcommit transaction[0m
  ↳ bin/rails:9
  [1m[36mActiveRecord::InternalMetadata Load (0.1ms)[0m  [1m[34mSELECT  "ar_internal_metadata".* FROM "ar_internal_metadata" WHERE "ar_internal_metadata"."key" = ? LIMIT ?[0m  [["key", "environment"], ["LIMIT", 1]]
  ↳ bin/rails:9
  [1m[35m (0.0ms)[0m  [1m[36mbegin transaction[0m
  ↳ bin/rails:9
  [1m[36mActiveRecord::InternalMetadata Create (0.4ms)[0m  [1m[32mINSERT INTO "ar_internal_metadata" ("key", "value", "created_at", "updated_at") VALUES (?, ?, ?, ?)[0m  [["key", "environment"], ["value", "development"], ["created_at", "2019-03-04 21:33:07.610854"], ["updated_at", "2019-03-04 21:33:07.610854"]]
  ↳ bin/rails:9
  [1m[35m (0.7ms)[0m  [1m[36mcommit transaction[0m
  ↳ bin/rails:9
  [1m[35m (0.2ms)[0m  [1m[34mSELECT "schema_migrations"."version" FROM "schema_migrations" ORDER BY "schema_migrations"."version" ASC[0m
  ↳ bin/rails:9
  [1m[35m (0.1ms)[0m  [1m[34mSELECT "schema_migrations"."version" FROM "schema_migrations" ORDER BY "schema_migrations"."version" ASC[0m
  ↳ bin/rails:9
  [1m[35m (0.0ms)[0m  [1m[36mbegin transaction[0m
  ↳ db/seeds.rb:9
  [1m[36mUser Create (0.4ms)[0m  [1m[32mINSERT INTO "users" ("name", "created_at", "updated_at") VALUES (?, ?, ?)[0m  [["name", "Will"], ["created_at", "2019-03-04 21:40:48.183120"], ["updated_at", "2019-03-04 21:40:48.183120"]]
  ↳ db/seeds.rb:9
  [1m[35m (0.8ms)[0m  [1m[36mcommit transaction[0m
  ↳ db/seeds.rb:9
  [1m[35m (0.0ms)[0m  [1m[36mbegin transaction[0m
  ↳ db/seeds.rb:10
  [1m[36mUser Create (0.4ms)[0m  [1m[32mINSERT INTO "users" ("name", "created_at", "updated_at") VALUES (?, ?, ?)[0m  [["name", "Megan"], ["created_at", "2019-03-04 21:40:48.185959"], ["updated_at", "2019-03-04 21:40:48.185959"]]
  ↳ db/seeds.rb:10
  [1m[35m (0.7ms)[0m  [1m[36mcommit transaction[0m
  ↳ db/seeds.rb:10
  [1m[35m (0.0ms)[0m  [1m[36mbegin transaction[0m
  ↳ db/seeds.rb:12
  [1m[35m (0.1ms)[0m  [1m[31mrollback transaction[0m
  ↳ db/seeds.rb:12
  [1m[35m (0.0ms)[0m  [1m[36mbegin transaction[0m
  ↳ db/seeds.rb:13
  [1m[35m (0.1ms)[0m  [1m[31mrollback transaction[0m
  ↳ db/seeds.rb:13
  [1m[35m (0.1ms)[0m  [1m[36mbegin transaction[0m
  ↳ db/seeds.rb:14
  [1m[35m (0.1ms)[0m  [1m[31mrollback transaction[0m
  ↳ db/seeds.rb:14
  [1m[35m (0.0ms)[0m  [1m[36mbegin transaction[0m
  ↳ db/seeds.rb:16
  [1m[36mExercise Create (0.3ms)[0m  [1m[32mINSERT INTO "exercises" ("name", "created_at", "updated_at") VALUES (?, ?, ?)[0m  [["name", "Bench Press"], ["created_at", "2019-03-04 21:40:48.274979"], ["updated_at", "2019-03-04 21:40:48.274979"]]
  ↳ db/seeds.rb:16
  [1m[35m (1.0ms)[0m  [1m[36mcommit transaction[0m
  ↳ db/seeds.rb:16
  [1m[35m (0.1ms)[0m  [1m[36mbegin transaction[0m
  ↳ db/seeds.rb:17
  [1m[36mExercise Create (0.4ms)[0m  [1m[32mINSERT INTO "exercises" ("name", "created_at", "updated_at") VALUES (?, ?, ?)[0m  [["name", "Curls"], ["created_at", "2019-03-04 21:40:48.278068"], ["updated_at", "2019-03-04 21:40:48.278068"]]
  ↳ db/seeds.rb:17
  [1m[35m (0.9ms)[0m  [1m[36mcommit transaction[0m
  ↳ db/seeds.rb:17
  [1m[35m (0.0ms)[0m  [1m[36mbegin transaction[0m
  ↳ db/seeds.rb:18
  [1m[36mExercise Create (0.3ms)[0m  [1m[32mINSERT INTO "exercises" ("name", "created_at", "updated_at") VALUES (?, ?, ?)[0m  [["name", "Deadlifts"], ["created_at", "2019-03-04 21:40:48.280831"], ["updated_at", "2019-03-04 21:40:48.280831"]]
  ↳ db/seeds.rb:18
  [1m[35m (0.7ms)[0m  [1m[36mcommit transaction[0m
  ↳ db/seeds.rb:18
  [1m[35m (0.1ms)[0m  [1m[34mSELECT "schema_migrations"."version" FROM "schema_migrations" ORDER BY "schema_migrations"."version" ASC[0m
  ↳ bin/rails:9
  [1m[35m (0.0ms)[0m  [1m[36mbegin transaction[0m
  ↳ db/seeds.rb:9
  [1m[36mUser Create (0.4ms)[0m  [1m[32mINSERT INTO "users" ("name", "created_at", "updated_at") VALUES (?, ?, ?)[0m  [["name", "Will"], ["created_at", "2019-03-04 21:43:54.569421"], ["updated_at", "2019-03-04 21:43:54.569421"]]
  ↳ db/seeds.rb:9
  [1m[35m (0.8ms)[0m  [1m[36mcommit transaction[0m
  ↳ db/seeds.rb:9
  [1m[35m (0.0ms)[0m  [1m[36mbegin transaction[0m
  ↳ db/seeds.rb:10
  [1m[36mUser Create (0.3ms)[0m  [1m[32mINSERT INTO "users" ("name", "created_at", "updated_at") VALUES (?, ?, ?)[0m  [["name", "Megan"], ["created_at", "2019-03-04 21:43:54.572276"], ["updated_at", "2019-03-04 21:43:54.572276"]]
  ↳ db/seeds.rb:10
  [1m[35m (0.8ms)[0m  [1m[36mcommit transaction[0m
  ↳ db/seeds.rb:10
  [1m[35m (0.1ms)[0m  [1m[36mbegin transaction[0m
  ↳ db/seeds.rb:12
  [1m[35m (0.1ms)[0m  [1m[31mrollback transaction[0m
  ↳ db/seeds.rb:12
  [1m[35m (0.1ms)[0m  [1m[36mbegin transaction[0m
  ↳ db/seeds.rb:13
  [1m[35m (0.0ms)[0m  [1m[31mrollback transaction[0m
  ↳ db/seeds.rb:13
  [1m[35m (0.0ms)[0m  [1m[36mbegin transaction[0m
  ↳ db/seeds.rb:14
  [1m[35m (0.0ms)[0m  [1m[31mrollback transaction[0m
  ↳ db/seeds.rb:14
  [1m[35m (0.0ms)[0m  [1m[36mbegin transaction[0m
  ↳ db/seeds.rb:16
  [1m[36mExercise Create (0.8ms)[0m  [1m[32mINSERT INTO "exercises" ("name", "created_at", "updated_at") VALUES (?, ?, ?)[0m  [["name", "Bench Press"], ["created_at", "2019-03-04 21:43:54.594696"], ["updated_at", "2019-03-04 21:43:54.594696"]]
  ↳ db/seeds.rb:16
  [1m[35m (2.0ms)[0m  [1m[36mcommit transaction[0m
  ↳ db/seeds.rb:16
  [1m[35m (0.1ms)[0m  [1m[36mbegin transaction[0m
  ↳ db/seeds.rb:17
  [1m[36mExercise Create (0.5ms)[0m  [1m[32mINSERT INTO "exercises" ("name", "created_at", "updated_at") VALUES (?, ?, ?)[0m  [["name", "Curls"], ["created_at", "2019-03-04 21:43:54.600247"], ["updated_at", "2019-03-04 21:43:54.600247"]]
  ↳ db/seeds.rb:17
  [1m[35m (1.5ms)[0m  [1m[36mcommit transaction[0m
  ↳ db/seeds.rb:17
  [1m[35m (0.1ms)[0m  [1m[36mbegin transaction[0m
  ↳ db/seeds.rb:18
  [1m[36mExercise Create (0.4ms)[0m  [1m[32mINSERT INTO "exercises" ("name", "created_at", "updated_at") VALUES (?, ?, ?)[0m  [["name", "Deadlifts"], ["created_at", "2019-03-04 21:43:54.603794"], ["updated_at", "2019-03-04 21:43:54.603794"]]
  ↳ db/seeds.rb:18
  [1m[35m (0.8ms)[0m  [1m[36mcommit transaction[0m
  ↳ db/seeds.rb:18
  [1m[35m (0.1ms)[0m  [1m[36mbegin transaction[0m
  ↳ db/seeds.rb:20
  [1m[35m (0.1ms)[0m  [1m[31mrollback transaction[0m
  ↳ db/seeds.rb:20
  [1m[35m (0.0ms)[0m  [1m[36mbegin transaction[0m
  ↳ db/seeds.rb:21
  [1m[35m (0.0ms)[0m  [1m[31mrollback transaction[0m
  ↳ db/seeds.rb:21
  [1m[35m (0.0ms)[0m  [1m[36mbegin transaction[0m
  ↳ db/seeds.rb:22
  [1m[35m (0.0ms)[0m  [1m[31mrollback transaction[0m
  ↳ db/seeds.rb:22
  [1m[36mUser Load (1.5ms)[0m  [1m[34mSELECT  "users".* FROM "users" LIMIT ?[0m  [["LIMIT", 11]]
  [1m[35m (0.4ms)[0m  [1m[34mSELECT "schema_migrations"."version" FROM "schema_migrations" ORDER BY "schema_migrations"."version" ASC[0m
  ↳ bin/rails:9
  [1m[35m (0.1ms)[0m  [1m[34mSELECT "schema_migrations"."version" FROM "schema_migrations" ORDER BY "schema_migrations"."version" ASC[0m
  ↳ bin/rails:9
  [1m[36mUser Load (0.1ms)[0m  [1m[34mSELECT "users".* FROM "users"[0m
  ↳ db/seeds.rb:1
  [1m[35m (0.0ms)[0m  [1m[36mbegin transaction[0m
  ↳ db/seeds.rb:1
  [1m[36mUser Destroy (0.5ms)[0m  [1m[31mDELETE FROM "users" WHERE "users"."id" = ?[0m  [["id", 1]]
  ↳ db/seeds.rb:1
  [1m[35m (1.3ms)[0m  [1m[36mcommit transaction[0m
  ↳ db/seeds.rb:1
  [1m[35m (0.0ms)[0m  [1m[36mbegin transaction[0m
  ↳ db/seeds.rb:1
  [1m[36mUser Destroy (0.3ms)[0m  [1m[31mDELETE FROM "users" WHERE "users"."id" = ?[0m  [["id", 2]]
  ↳ db/seeds.rb:1
  [1m[35m (0.7ms)[0m  [1m[36mcommit transaction[0m
  ↳ db/seeds.rb:1
  [1m[35m (0.0ms)[0m  [1m[36mbegin transaction[0m
  ↳ db/seeds.rb:1
  [1m[36mUser Destroy (0.2ms)[0m  [1m[31mDELETE FROM "users" WHERE "users"."id" = ?[0m  [["id", 3]]
  ↳ db/seeds.rb:1
  [1m[35m (1.2ms)[0m  [1m[36mcommit transaction[0m
  ↳ db/seeds.rb:1
  [1m[35m (0.1ms)[0m  [1m[36mbegin transaction[0m
  ↳ db/seeds.rb:1
  [1m[36mUser Destroy (0.3ms)[0m  [1m[31mDELETE FROM "users" WHERE "users"."id" = ?[0m  [["id", 4]]
  ↳ db/seeds.rb:1
  [1m[35m (1.1ms)[0m  [1m[36mcommit transaction[0m
  ↳ db/seeds.rb:1
  [1m[36mWorkout Load (0.7ms)[0m  [1m[34mSELECT "workouts".* FROM "workouts"[0m
  ↳ db/seeds.rb:2
  [1m[36mExercise Load (0.6ms)[0m  [1m[34mSELECT "exercises".* FROM "exercises"[0m
  ↳ db/seeds.rb:3
  [1m[35m (0.0ms)[0m  [1m[36mbegin transaction[0m
  ↳ db/seeds.rb:3
  [1m[36mExercise Destroy (0.3ms)[0m  [1m[31mDELETE FROM "exercises" WHERE "exercises"."id" = ?[0m  [["id", 1]]
  ↳ db/seeds.rb:3
  [1m[35m (0.8ms)[0m  [1m[36mcommit transaction[0m
  ↳ db/seeds.rb:3
  [1m[35m (0.0ms)[0m  [1m[36mbegin transaction[0m
  ↳ db/seeds.rb:3
  [1m[36mExercise Destroy (0.2ms)[0m  [1m[31mDELETE FROM "exercises" WHERE "exercises"."id" = ?[0m  [["id", 2]]
  ↳ db/seeds.rb:3
  [1m[35m (1.4ms)[0m  [1m[36mcommit transaction[0m
  ↳ db/seeds.rb:3
  [1m[35m (0.0ms)[0m  [1m[36mbegin transaction[0m
  ↳ db/seeds.rb:3
  [1m[36mExercise Destroy (0.2ms)[0m  [1m[31mDELETE FROM "exercises" WHERE "exercises"."id" = ?[0m  [["id", 3]]
  ↳ db/seeds.rb:3
  [1m[35m (0.7ms)[0m  [1m[36mcommit transaction[0m
  ↳ db/seeds.rb:3
  [1m[35m (0.0ms)[0m  [1m[36mbegin transaction[0m
  ↳ db/seeds.rb:3
  [1m[36mExercise Destroy (0.3ms)[0m  [1m[31mDELETE FROM "exercises" WHERE "exercises"."id" = ?[0m  [["id", 4]]
  ↳ db/seeds.rb:3
  [1m[35m (1.1ms)[0m  [1m[36mcommit transaction[0m
  ↳ db/seeds.rb:3
  [1m[35m (0.1ms)[0m  [1m[36mbegin transaction[0m
  ↳ db/seeds.rb:3
  [1m[36mExercise Destroy (0.3ms)[0m  [1m[31mDELETE FROM "exercises" WHERE "exercises"."id" = ?[0m  [["id", 5]]
  ↳ db/seeds.rb:3
  [1m[35m (1.0ms)[0m  [1m[36mcommit transaction[0m
  ↳ db/seeds.rb:3
  [1m[35m (0.1ms)[0m  [1m[36mbegin transaction[0m
  ↳ db/seeds.rb:3
  [1m[36mExercise Destroy (0.4ms)[0m  [1m[31mDELETE FROM "exercises" WHERE "exercises"."id" = ?[0m  [["id", 6]]
  ↳ db/seeds.rb:3
  [1m[35m (0.8ms)[0m  [1m[36mcommit transaction[0m
  ↳ db/seeds.rb:3
  [1m[36mWorkoutExercise Load (0.2ms)[0m  [1m[34mSELECT "workout_exercises".* FROM "workout_exercises"[0m
  ↳ db/seeds.rb:4
  [1m[35m (0.0ms)[0m  [1m[36mbegin transaction[0m
  ↳ db/seeds.rb:6
  [1m[36mUser Create (0.7ms)[0m  [1m[32mINSERT INTO "users" ("name", "created_at", "updated_at") VALUES (?, ?, ?)[0m  [["name", "Will"], ["created_at", "2019-03-04 21:50:27.027295"], ["updated_at", "2019-03-04 21:50:27.027295"]]
  ↳ db/seeds.rb:6
  [1m[35m (0.8ms)[0m  [1m[36mcommit transaction[0m
  ↳ db/seeds.rb:6
  [1m[35m (0.0ms)[0m  [1m[36mbegin transaction[0m
  ↳ db/seeds.rb:7
  [1m[36mUser Create (0.4ms)[0m  [1m[32mINSERT INTO "users" ("name", "created_at", "updated_at") VALUES (?, ?, ?)[0m  [["name", "Megan"], ["created_at", "2019-03-04 21:50:27.030427"], ["updated_at", "2019-03-04 21:50:27.030427"]]
  ↳ db/seeds.rb:7
  [1m[35m (0.7ms)[0m  [1m[36mcommit transaction[0m
  ↳ db/seeds.rb:7
  [1m[35m (0.0ms)[0m  [1m[36mbegin transaction[0m
  ↳ db/seeds.rb:9
  [1m[35m (0.1ms)[0m  [1m[31mrollback transaction[0m
  ↳ db/seeds.rb:9
  [1m[35m (0.0ms)[0m  [1m[36mbegin transaction[0m
  ↳ db/seeds.rb:10
  [1m[35m (0.1ms)[0m  [1m[31mrollback transaction[0m
  ↳ db/seeds.rb:10
  [1m[35m (0.0ms)[0m  [1m[36mbegin transaction[0m
  ↳ db/seeds.rb:11
  [1m[35m (0.0ms)[0m  [1m[31mrollback transaction[0m
  ↳ db/seeds.rb:11
  [1m[35m (0.0ms)[0m  [1m[36mbegin transaction[0m
  ↳ db/seeds.rb:13
  [1m[36mExercise Create (0.3ms)[0m  [1m[32mINSERT INTO "exercises" ("name", "created_at", "updated_at") VALUES (?, ?, ?)[0m  [["name", "Bench Press"], ["created_at", "2019-03-04 21:50:27.048748"], ["updated_at", "2019-03-04 21:50:27.048748"]]
  ↳ db/seeds.rb:13
  [1m[35m (0.7ms)[0m  [1m[36mcommit transaction[0m
  ↳ db/seeds.rb:13
  [1m[35m (0.0ms)[0m  [1m[36mbegin transaction[0m
  ↳ db/seeds.rb:14
  [1m[36mExercise Create (0.3ms)[0m  [1m[32mINSERT INTO "exercises" ("name", "created_at", "updated_at") VALUES (?, ?, ?)[0m  [["name", "Curls"], ["created_at", "2019-03-04 21:50:27.051036"], ["updated_at", "2019-03-04 21:50:27.051036"]]
  ↳ db/seeds.rb:14
  [1m[35m (0.7ms)[0m  [1m[36mcommit transaction[0m
  ↳ db/seeds.rb:14
  [1m[35m (0.0ms)[0m  [1m[36mbegin transaction[0m
  ↳ db/seeds.rb:15
  [1m[36mExercise Create (0.4ms)[0m  [1m[32mINSERT INTO "exercises" ("name", "created_at", "updated_at") VALUES (?, ?, ?)[0m  [["name", "Deadlifts"], ["created_at", "2019-03-04 21:50:27.053171"], ["updated_at", "2019-03-04 21:50:27.053171"]]
  ↳ db/seeds.rb:15
  [1m[35m (0.7ms)[0m  [1m[36mcommit transaction[0m
  ↳ db/seeds.rb:15
  [1m[35m (0.2ms)[0m  [1m[36mbegin transaction[0m
  ↳ db/seeds.rb:17
  [1m[35m (0.0ms)[0m  [1m[31mrollback transaction[0m
  ↳ db/seeds.rb:17
  [1m[35m (0.0ms)[0m  [1m[36mbegin transaction[0m
  ↳ db/seeds.rb:18
  [1m[35m (0.0ms)[0m  [1m[31mrollback transaction[0m
  ↳ db/seeds.rb:18
  [1m[35m (0.0ms)[0m  [1m[36mbegin transaction[0m
  ↳ db/seeds.rb:19
  [1m[35m (0.0ms)[0m  [1m[31mrollback transaction[0m
  ↳ db/seeds.rb:19
  [1m[36mUser Load (0.3ms)[0m  [1m[34mSELECT  "users".* FROM "users" ORDER BY "users"."id" ASC LIMIT ?[0m  [["LIMIT", 1]]
  [1m[36mWorkoutExercise Load (0.2ms)[0m  [1m[34mSELECT  "workout_exercises".* FROM "workout_exercises" LIMIT ?[0m  [["LIMIT", 11]]
  [1m[36mWorkoutExercise Load (0.1ms)[0m  [1m[34mSELECT  "workout_exercises".* FROM "workout_exercises" ORDER BY "workout_exercises"."id" ASC LIMIT ?[0m  [["LIMIT", 1]]
  [1m[36mWorkoutExercise Load (0.3ms)[0m  [1m[34mSELECT  "workout_exercises".* FROM "workout_exercises" LIMIT ?[0m  [["LIMIT", 11]]
  [1m[35m (0.1ms)[0m  [1m[34mSELECT "schema_migrations"."version" FROM "schema_migrations" ORDER BY "schema_migrations"."version" ASC[0m
  ↳ bin/rails:9
  [1m[36mUser Load (0.1ms)[0m  [1m[34mSELECT "users".* FROM "users"[0m
  ↳ db/seeds.rb:1
  [1m[35m (0.0ms)[0m  [1m[36mbegin transaction[0m
  ↳ db/seeds.rb:1
  [1m[36mUser Destroy (0.3ms)[0m  [1m[31mDELETE FROM "users" WHERE "users"."id" = ?[0m  [["id", 5]]
  ↳ db/seeds.rb:1
  [1m[35m (0.9ms)[0m  [1m[36mcommit transaction[0m
  ↳ db/seeds.rb:1
  [1m[35m (0.1ms)[0m  [1m[36mbegin transaction[0m
  ↳ db/seeds.rb:1
  [1m[36mUser Destroy (0.3ms)[0m  [1m[31mDELETE FROM "users" WHERE "users"."id" = ?[0m  [["id", 6]]
  ↳ db/seeds.rb:1
  [1m[35m (0.9ms)[0m  [1m[36mcommit transaction[0m
  ↳ db/seeds.rb:1
  [1m[36mWorkout Load (0.1ms)[0m  [1m[34mSELECT "workouts".* FROM "workouts"[0m
  ↳ db/seeds.rb:2
  [1m[36mExercise Load (0.1ms)[0m  [1m[34mSELECT "exercises".* FROM "exercises"[0m
  ↳ db/seeds.rb:3
  [1m[35m (0.0ms)[0m  [1m[36mbegin transaction[0m
  ↳ db/seeds.rb:3
  [1m[36mExercise Destroy (0.3ms)[0m  [1m[31mDELETE FROM "exercises" WHERE "exercises"."id" = ?[0m  [["id", 7]]
  ↳ db/seeds.rb:3
  [1m[35m (0.9ms)[0m  [1m[36mcommit transaction[0m
  ↳ db/seeds.rb:3
  [1m[35m (0.1ms)[0m  [1m[36mbegin transaction[0m
  ↳ db/seeds.rb:3
  [1m[36mExercise Destroy (0.2ms)[0m  [1m[31mDELETE FROM "exercises" WHERE "exercises"."id" = ?[0m  [["id", 8]]
  ↳ db/seeds.rb:3
  [1m[35m (0.8ms)[0m  [1m[36mcommit transaction[0m
  ↳ db/seeds.rb:3
  [1m[35m (0.0ms)[0m  [1m[36mbegin transaction[0m
  ↳ db/seeds.rb:3
  [1m[36mExercise Destroy (0.2ms)[0m  [1m[31mDELETE FROM "exercises" WHERE "exercises"."id" = ?[0m  [["id", 9]]
  ↳ db/seeds.rb:3
  [1m[35m (0.7ms)[0m  [1m[36mcommit transaction[0m
  ↳ db/seeds.rb:3
  [1m[36mWorkoutExercise Load (0.2ms)[0m  [1m[34mSELECT "workout_exercises".* FROM "workout_exercises"[0m
  ↳ db/seeds.rb:4
  [1m[35m (0.0ms)[0m  [1m[36mbegin transaction[0m
  ↳ db/seeds.rb:6
  [1m[36mUser Create (0.3ms)[0m  [1m[32mINSERT INTO "users" ("name", "created_at", "updated_at") VALUES (?, ?, ?)[0m  [["name", "Will"], ["created_at", "2019-03-04 21:53:28.211224"], ["updated_at", "2019-03-04 21:53:28.211224"]]
  ↳ db/seeds.rb:6
  [1m[35m (0.8ms)[0m  [1m[36mcommit transaction[0m
  ↳ db/seeds.rb:6
  [1m[35m (0.1ms)[0m  [1m[36mbegin transaction[0m
  ↳ db/seeds.rb:7
  [1m[36mUser Create (0.3ms)[0m  [1m[32mINSERT INTO "users" ("name", "created_at", "updated_at") VALUES (?, ?, ?)[0m  [["name", "Megan"], ["created_at", "2019-03-04 21:53:28.214233"], ["updated_at", "2019-03-04 21:53:28.214233"]]
  ↳ db/seeds.rb:7
  [1m[35m (0.7ms)[0m  [1m[36mcommit transaction[0m
  ↳ db/seeds.rb:7
  [1m[35m (0.1ms)[0m  [1m[36mbegin transaction[0m
  ↳ db/seeds.rb:9
  [1m[36mUser Load (0.2ms)[0m  [1m[34mSELECT  "users".* FROM "users" WHERE "users"."id" = ? LIMIT ?[0m  [["id", 7], ["LIMIT", 1]]
  ↳ db/seeds.rb:9
  [1m[36mWorkout Create (0.4ms)[0m  [1m[32mINSERT INTO "workouts" ("name", "user_id", "created_at", "updated_at") VALUES (?, ?, ?, ?)[0m  [["name", "Upper Body A"], ["user_id", 7], ["created_at", "2019-03-04 21:53:28.229794"], ["updated_at", "2019-03-04 21:53:28.229794"]]
  ↳ db/seeds.rb:9
  [1m[35m (0.8ms)[0m  [1m[36mcommit transaction[0m
  ↳ db/seeds.rb:9
  [1m[35m (0.0ms)[0m  [1m[36mbegin transaction[0m
  ↳ db/seeds.rb:10
  [1m[36mUser Load (0.1ms)[0m  [1m[34mSELECT  "users".* FROM "users" WHERE "users"."id" = ? LIMIT ?[0m  [["id", 8], ["LIMIT", 1]]
  ↳ db/seeds.rb:10
  [1m[36mWorkout Create (0.6ms)[0m  [1m[32mINSERT INTO "workouts" ("name", "user_id", "created_at", "updated_at") VALUES (?, ?, ?, ?)[0m  [["name", "Upper Body B"], ["user_id", 8], ["created_at", "2019-03-04 21:53:28.233534"], ["updated_at", "2019-03-04 21:53:28.233534"]]
  ↳ db/seeds.rb:10
  [1m[35m (0.8ms)[0m  [1m[36mcommit transaction[0m
  ↳ db/seeds.rb:10
  [1m[35m (0.0ms)[0m  [1m[36mbegin transaction[0m
  ↳ db/seeds.rb:11
  [1m[36mUser Load (0.1ms)[0m  [1m[34mSELECT  "users".* FROM "users" WHERE "users"."id" = ? LIMIT ?[0m  [["id", 7], ["LIMIT", 1]]
  ↳ db/seeds.rb:11
  [1m[36mWorkout Create (0.5ms)[0m  [1m[32mINSERT INTO "workouts" ("name", "user_id", "created_at", "updated_at") VALUES (?, ?, ?, ?)[0m  [["name", "Leg Day"], ["user_id", 7], ["created_at", "2019-03-04 21:53:28.237765"], ["updated_at", "2019-03-04 21:53:28.237765"]]
  ↳ db/seeds.rb:11
  [1m[35m (0.7ms)[0m  [1m[36mcommit transaction[0m
  ↳ db/seeds.rb:11
  [1m[35m (0.0ms)[0m  [1m[36mbegin transaction[0m
  ↳ db/seeds.rb:13
  [1m[36mExercise Create (0.3ms)[0m  [1m[32mINSERT INTO "exercises" ("name", "created_at", "updated_at") VALUES (?, ?, ?)[0m  [["name", "Bench Press"], ["created_at", "2019-03-04 21:53:28.240589"], ["updated_at", "2019-03-04 21:53:28.240589"]]
  ↳ db/seeds.rb:13
  [1m[35m (0.6ms)[0m  [1m[36mcommit transaction[0m
  ↳ db/seeds.rb:13
  [1m[35m (0.0ms)[0m  [1m[36mbegin transaction[0m
  ↳ db/seeds.rb:14
  [1m[36mExercise Create (0.3ms)[0m  [1m[32mINSERT INTO "exercises" ("name", "created_at", "updated_at") VALUES (?, ?, ?)[0m  [["name", "Curls"], ["created_at", "2019-03-04 21:53:28.242713"], ["updated_at", "2019-03-04 21:53:28.242713"]]
  ↳ db/seeds.rb:14
  [1m[35m (0.7ms)[0m  [1m[36mcommit transaction[0m
  ↳ db/seeds.rb:14
  [1m[35m (0.1ms)[0m  [1m[36mbegin transaction[0m
  ↳ db/seeds.rb:15
  [1m[36mExercise Create (0.4ms)[0m  [1m[32mINSERT INTO "exercises" ("name", "created_at", "updated_at") VALUES (?, ?, ?)[0m  [["name", "Deadlifts"], ["created_at", "2019-03-04 21:53:28.244906"], ["updated_at", "2019-03-04 21:53:28.244906"]]
  ↳ db/seeds.rb:15
  [1m[35m (0.7ms)[0m  [1m[36mcommit transaction[0m
  ↳ db/seeds.rb:15
  [1m[35m (0.0ms)[0m  [1m[36mbegin transaction[0m
  ↳ db/seeds.rb:17
  [1m[36mWorkout Load (0.2ms)[0m  [1m[34mSELECT  "workouts".* FROM "workouts" WHERE "workouts"."id" = ? LIMIT ?[0m  [["id", 1], ["LIMIT", 1]]
  ↳ db/seeds.rb:17
  [1m[36mExercise Load (0.1ms)[0m  [1m[34mSELECT  "exercises".* FROM "exercises" WHERE "exercises"."id" = ? LIMIT ?[0m  [["id", 10], ["LIMIT", 1]]
  ↳ db/seeds.rb:17
  [1m[36mWorkoutExercise Create (0.4ms)[0m  [1m[32mINSERT INTO "workout_exercises" ("workout_id", "exercise_id", "sets", "reps", "weight", "created_at", "updated_at") VALUES (?, ?, ?, ?, ?, ?, ?)[0m  [["workout_id", 1], ["exercise_id", 10], ["sets", 4], ["reps", 12], ["weight", "100 lbs"], ["created_at", "2019-03-04 21:53:28.256892"], ["updated_at", "2019-03-04 21:53:28.256892"]]
  ↳ db/seeds.rb:17
  [1m[35m (0.7ms)[0m  [1m[36mcommit transaction[0m
  ↳ db/seeds.rb:17
  [1m[35m (0.0ms)[0m  [1m[36mbegin transaction[0m
  ↳ db/seeds.rb:18
  [1m[36mWorkout Load (0.1ms)[0m  [1m[34mSELECT  "workouts".* FROM "workouts" WHERE "workouts"."id" = ? LIMIT ?[0m  [["id", 2], ["LIMIT", 1]]
  ↳ db/seeds.rb:18
  [1m[36mExercise Load (0.1ms)[0m  [1m[34mSELECT  "exercises".* FROM "exercises" WHERE "exercises"."id" = ? LIMIT ?[0m  [["id", 11], ["LIMIT", 1]]
  ↳ db/seeds.rb:18
  [1m[36mWorkoutExercise Create (0.3ms)[0m  [1m[32mINSERT INTO "workout_exercises" ("workout_id", "exercise_id", "sets", "reps", "weight", "created_at", "updated_at") VALUES (?, ?, ?, ?, ?, ?, ?)[0m  [["workout_id", 2], ["exercise_id", 11], ["sets", 3], ["reps", 25], ["weight", "30 lbs"], ["created_at", "2019-03-04 21:53:28.262200"], ["updated_at", "2019-03-04 21:53:28.262200"]]
  ↳ db/seeds.rb:18
  [1m[35m (0.7ms)[0m  [1m[36mcommit transaction[0m
  ↳ db/seeds.rb:18
  [1m[35m (0.0ms)[0m  [1m[36mbegin transaction[0m
  ↳ db/seeds.rb:19
  [1m[36mWorkout Load (0.1ms)[0m  [1m[34mSELECT  "workouts".* FROM "workouts" WHERE "workouts"."id" = ? LIMIT ?[0m  [["id", 3], ["LIMIT", 1]]
  ↳ db/seeds.rb:19
  [1m[36mExercise Load (0.0ms)[0m  [1m[34mSELECT  "exercises".* FROM "exercises" WHERE "exercises"."id" = ? LIMIT ?[0m  [["id", 12], ["LIMIT", 1]]
  ↳ db/seeds.rb:19
  [1m[36mWorkoutExercise Create (0.3ms)[0m  [1m[32mINSERT INTO "workout_exercises" ("workout_id", "exercise_id", "sets", "reps", "weight", "created_at", "updated_at") VALUES (?, ?, ?, ?, ?, ?, ?)[0m  [["workout_id", 3], ["exercise_id", 12], ["sets", 5], ["reps", 8], ["weight", "95 lbs"], ["created_at", "2019-03-04 21:53:28.266117"], ["updated_at", "2019-03-04 21:53:28.266117"]]
  ↳ db/seeds.rb:19
  [1m[35m (0.8ms)[0m  [1m[36mcommit transaction[0m
  ↳ db/seeds.rb:19
  [1m[36mWorkoutExercise Load (0.4ms)[0m  [1m[34mSELECT  "workout_exercises".* FROM "workout_exercises" LIMIT ?[0m  [["LIMIT", 11]]
  [1m[36mUser Load (3.7ms)[0m  [1m[34mSELECT  "users".* FROM "users" LIMIT ?[0m  [["LIMIT", 11]]
  [1m[35m (1.8ms)[0m  [1m[34mSELECT "schema_migrations"."version" FROM "schema_migrations" ORDER BY "schema_migrations"."version" ASC[0m
  ↳ bin/rails:9
Migrating to AddUsernameToUsers (20190304223916)
  [1m[35m (0.1ms)[0m  [1m[36mbegin transaction[0m
  ↳ bin/rails:9
  [1m[35m (1.2ms)[0m  [1m[34mSELECT sqlite_version(*)[0m
  ↳ db/migrate/20190304223916_add_username_to_users.rb:3
  [1m[35m (2.9ms)[0m  [1m[35mCREATE TEMPORARY TABLE "ausers" ("id" integer NOT NULL PRIMARY KEY, "username" varchar DEFAULT NULL, "created_at" datetime NOT NULL, "updated_at" datetime NOT NULL)[0m
  ↳ db/migrate/20190304223916_add_username_to_users.rb:3
  [1m[35m (1.3ms)[0m  [1m[32mINSERT INTO "ausers" ("id","username","created_at","updated_at")
                     SELECT "id","name","created_at","updated_at" FROM "users"[0m
  ↳ db/migrate/20190304223916_add_username_to_users.rb:3
  [1m[35m (1.8ms)[0m  [1m[35mDROP TABLE "users"[0m
  ↳ db/migrate/20190304223916_add_username_to_users.rb:3
  [1m[35m (0.2ms)[0m  [1m[35mCREATE TABLE "users" ("id" integer NOT NULL PRIMARY KEY, "username" varchar DEFAULT NULL, "created_at" datetime NOT NULL, "updated_at" datetime NOT NULL)[0m
  ↳ db/migrate/20190304223916_add_username_to_users.rb:3
  [1m[35m (0.1ms)[0m  [1m[32mINSERT INTO "users" ("id","username","created_at","updated_at")
                     SELECT "id","username","created_at","updated_at" FROM "ausers"[0m
  ↳ db/migrate/20190304223916_add_username_to_users.rb:3
  [1m[35m (0.1ms)[0m  [1m[35mDROP TABLE "ausers"[0m
  ↳ db/migrate/20190304223916_add_username_to_users.rb:3
  [1m[36mActiveRecord::SchemaMigration Create (1.5ms)[0m  [1m[32mINSERT INTO "schema_migrations" ("version") VALUES (?)[0m  [["version", "20190304223916"]]
  ↳ bin/rails:9
  [1m[35m (5.2ms)[0m  [1m[36mcommit transaction[0m
  ↳ bin/rails:9
  [1m[36mActiveRecord::InternalMetadata Load (1.4ms)[0m  [1m[34mSELECT  "ar_internal_metadata".* FROM "ar_internal_metadata" WHERE "ar_internal_metadata"."key" = ? LIMIT ?[0m  [["key", "environment"], ["LIMIT", 1]]
  ↳ bin/rails:9
  [1m[35m (0.1ms)[0m  [1m[36mbegin transaction[0m
  ↳ bin/rails:9
  [1m[35m (0.0ms)[0m  [1m[36mcommit transaction[0m
  ↳ bin/rails:9
  [1m[35m (0.2ms)[0m  [1m[34mSELECT "schema_migrations"."version" FROM "schema_migrations" ORDER BY "schema_migrations"."version" ASC[0m
  ↳ bin/rails:9
  [1m[35m (1.5ms)[0m  [1m[34mSELECT "schema_migrations"."version" FROM "schema_migrations" ORDER BY "schema_migrations"."version" ASC[0m
  ↳ bin/rails:9
  [1m[36mUser Load (1.5ms)[0m  [1m[34mSELECT "users".* FROM "users"[0m
  ↳ db/seeds.rb:1
  [1m[35m (0.1ms)[0m  [1m[36mbegin transaction[0m
  ↳ db/seeds.rb:1
  [1m[36mUser Destroy (2.2ms)[0m  [1m[31mDELETE FROM "users" WHERE "users"."id" = ?[0m  [["id", 7]]
  ↳ db/seeds.rb:1
  [1m[35m (2.3ms)[0m  [1m[36mcommit transaction[0m
  ↳ db/seeds.rb:1
  [1m[35m (0.1ms)[0m  [1m[36mbegin transaction[0m
  ↳ db/seeds.rb:1
  [1m[36mUser Destroy (0.4ms)[0m  [1m[31mDELETE FROM "users" WHERE "users"."id" = ?[0m  [["id", 8]]
  ↳ db/seeds.rb:1
  [1m[35m (1.6ms)[0m  [1m[36mcommit transaction[0m
  ↳ db/seeds.rb:1
  [1m[36mWorkout Load (1.4ms)[0m  [1m[34mSELECT "workouts".* FROM "workouts"[0m
  ↳ db/seeds.rb:2
  [1m[35m (0.1ms)[0m  [1m[36mbegin transaction[0m
  ↳ db/seeds.rb:2
  [1m[36mWorkout Destroy (1.8ms)[0m  [1m[31mDELETE FROM "workouts" WHERE "workouts"."id" = ?[0m  [["id", 1]]
  ↳ db/seeds.rb:2
  [1m[35m (2.1ms)[0m  [1m[36mcommit transaction[0m
  ↳ db/seeds.rb:2
  [1m[35m (0.1ms)[0m  [1m[36mbegin transaction[0m
  ↳ db/seeds.rb:2
  [1m[36mWorkout Destroy (0.3ms)[0m  [1m[31mDELETE FROM "workouts" WHERE "workouts"."id" = ?[0m  [["id", 2]]
  ↳ db/seeds.rb:2
  [1m[35m (1.7ms)[0m  [1m[36mcommit transaction[0m
  ↳ db/seeds.rb:2
  [1m[35m (0.1ms)[0m  [1m[36mbegin transaction[0m
  ↳ db/seeds.rb:2
  [1m[36mWorkout Destroy (0.3ms)[0m  [1m[31mDELETE FROM "workouts" WHERE "workouts"."id" = ?[0m  [["id", 3]]
  ↳ db/seeds.rb:2
  [1m[35m (1.8ms)[0m  [1m[36mcommit transaction[0m
  ↳ db/seeds.rb:2
  [1m[36mExercise Load (1.4ms)[0m  [1m[34mSELECT "exercises".* FROM "exercises"[0m
  ↳ db/seeds.rb:3
  [1m[35m (0.0ms)[0m  [1m[36mbegin transaction[0m
  ↳ db/seeds.rb:3
  [1m[36mExercise Destroy (1.6ms)[0m  [1m[31mDELETE FROM "exercises" WHERE "exercises"."id" = ?[0m  [["id", 10]]
  ↳ db/seeds.rb:3
  [1m[35m (1.9ms)[0m  [1m[36mcommit transaction[0m
  ↳ db/seeds.rb:3
  [1m[35m (0.1ms)[0m  [1m[36mbegin transaction[0m
  ↳ db/seeds.rb:3
  [1m[36mExercise Destroy (0.4ms)[0m  [1m[31mDELETE FROM "exercises" WHERE "exercises"."id" = ?[0m  [["id", 11]]
  ↳ db/seeds.rb:3
  [1m[35m (1.9ms)[0m  [1m[36mcommit transaction[0m
  ↳ db/seeds.rb:3
  [1m[35m (0.1ms)[0m  [1m[36mbegin transaction[0m
  ↳ db/seeds.rb:3
  [1m[36mExercise Destroy (0.4ms)[0m  [1m[31mDELETE FROM "exercises" WHERE "exercises"."id" = ?[0m  [["id", 12]]
  ↳ db/seeds.rb:3
  [1m[35m (1.9ms)[0m  [1m[36mcommit transaction[0m
  ↳ db/seeds.rb:3
  [1m[36mWorkoutExercise Load (0.3ms)[0m  [1m[34mSELECT "workout_exercises".* FROM "workout_exercises"[0m
  ↳ db/seeds.rb:4
  [1m[35m (0.1ms)[0m  [1m[36mbegin transaction[0m
  ↳ db/seeds.rb:4
  [1m[36mWorkoutExercise Destroy (1.6ms)[0m  [1m[31mDELETE FROM "workout_exercises" WHERE "workout_exercises"."id" = ?[0m  [["id", 1]]
  ↳ db/seeds.rb:4
  [1m[35m (2.3ms)[0m  [1m[36mcommit transaction[0m
  ↳ db/seeds.rb:4
  [1m[35m (0.1ms)[0m  [1m[36mbegin transaction[0m
  ↳ db/seeds.rb:4
  [1m[36mWorkoutExercise Destroy (0.3ms)[0m  [1m[31mDELETE FROM "workout_exercises" WHERE "workout_exercises"."id" = ?[0m  [["id", 2]]
  ↳ db/seeds.rb:4
  [1m[35m (1.8ms)[0m  [1m[36mcommit transaction[0m
  ↳ db/seeds.rb:4
  [1m[35m (0.1ms)[0m  [1m[36mbegin transaction[0m
  ↳ db/seeds.rb:4
  [1m[36mWorkoutExercise Destroy (0.4ms)[0m  [1m[31mDELETE FROM "workout_exercises" WHERE "workout_exercises"."id" = ?[0m  [["id", 3]]
  ↳ db/seeds.rb:4
  [1m[35m (1.9ms)[0m  [1m[36mcommit transaction[0m
  ↳ db/seeds.rb:4
  [1m[35m (0.0ms)[0m  [1m[36mbegin transaction[0m
  ↳ db/seeds.rb:6
  [1m[36mUser Create (0.4ms)[0m  [1m[32mINSERT INTO "users" ("username", "created_at", "updated_at") VALUES (?, ?, ?)[0m  [["username", "will"], ["created_at", "2019-03-04 22:47:40.742275"], ["updated_at", "2019-03-04 22:47:40.742275"]]
  ↳ db/seeds.rb:6
  [1m[35m (2.1ms)[0m  [1m[36mcommit transaction[0m
  ↳ db/seeds.rb:6
  [1m[35m (0.1ms)[0m  [1m[36mbegin transaction[0m
  ↳ db/seeds.rb:7
  [1m[36mUser Create (0.5ms)[0m  [1m[32mINSERT INTO "users" ("username", "created_at", "updated_at") VALUES (?, ?, ?)[0m  [["username", "megan"], ["created_at", "2019-03-04 22:47:40.747102"], ["updated_at", "2019-03-04 22:47:40.747102"]]
  ↳ db/seeds.rb:7
  [1m[35m (2.0ms)[0m  [1m[36mcommit transaction[0m
  ↳ db/seeds.rb:7
  [1m[35m (0.1ms)[0m  [1m[36mbegin transaction[0m
  ↳ db/seeds.rb:9
  [1m[36mUser Load (0.3ms)[0m  [1m[34mSELECT  "users".* FROM "users" WHERE "users"."id" = ? LIMIT ?[0m  [["id", 1], ["LIMIT", 1]]
  ↳ db/seeds.rb:9
  [1m[36mWorkout Create (2.1ms)[0m  [1m[32mINSERT INTO "workouts" ("name", "user_id", "created_at", "updated_at") VALUES (?, ?, ?, ?)[0m  [["name", "Upper Body A"], ["user_id", 1], ["created_at", "2019-03-04 22:47:40.853533"], ["updated_at", "2019-03-04 22:47:40.853533"]]
  ↳ db/seeds.rb:9
  [1m[35m (1.7ms)[0m  [1m[36mcommit transaction[0m
  ↳ db/seeds.rb:9
  [1m[35m (0.1ms)[0m  [1m[36mbegin transaction[0m
  ↳ db/seeds.rb:10
  [1m[36mUser Load (0.1ms)[0m  [1m[34mSELECT  "users".* FROM "users" WHERE "users"."id" = ? LIMIT ?[0m  [["id", 2], ["LIMIT", 1]]
  ↳ db/seeds.rb:10
  [1m[36mWorkout Create (0.4ms)[0m  [1m[32mINSERT INTO "workouts" ("name", "user_id", "created_at", "updated_at") VALUES (?, ?, ?, ?)[0m  [["name", "Upper Body B"], ["user_id", 2], ["created_at", "2019-03-04 22:47:40.860241"], ["updated_at", "2019-03-04 22:47:40.860241"]]
  ↳ db/seeds.rb:10
  [1m[35m (1.8ms)[0m  [1m[36mcommit transaction[0m
  ↳ db/seeds.rb:10
  [1m[35m (0.1ms)[0m  [1m[36mbegin transaction[0m
  ↳ db/seeds.rb:11
  [1m[36mUser Load (0.1ms)[0m  [1m[34mSELECT  "users".* FROM "users" WHERE "users"."id" = ? LIMIT ?[0m  [["id", 1], ["LIMIT", 1]]
  ↳ db/seeds.rb:11
  [1m[36mWorkout Create (0.4ms)[0m  [1m[32mINSERT INTO "workouts" ("name", "user_id", "created_at", "updated_at") VALUES (?, ?, ?, ?)[0m  [["name", "Leg Day"], ["user_id", 1], ["created_at", "2019-03-04 22:47:40.864905"], ["updated_at", "2019-03-04 22:47:40.864905"]]
  ↳ db/seeds.rb:11
  [1m[35m (2.1ms)[0m  [1m[36mcommit transaction[0m
  ↳ db/seeds.rb:11
  [1m[35m (0.1ms)[0m  [1m[36mbegin transaction[0m
  ↳ db/seeds.rb:13
  [1m[36mExercise Create (0.6ms)[0m  [1m[32mINSERT INTO "exercises" ("name", "created_at", "updated_at") VALUES (?, ?, ?)[0m  [["name", "Bench Press"], ["created_at", "2019-03-04 22:47:40.869331"], ["updated_at", "2019-03-04 22:47:40.869331"]]
  ↳ db/seeds.rb:13
  [1m[35m (1.9ms)[0m  [1m[36mcommit transaction[0m
  ↳ db/seeds.rb:13
  [1m[35m (0.1ms)[0m  [1m[36mbegin transaction[0m
  ↳ db/seeds.rb:14
  [1m[36mExercise Create (0.4ms)[0m  [1m[32mINSERT INTO "exercises" ("name", "created_at", "updated_at") VALUES (?, ?, ?)[0m  [["name", "Curls"], ["created_at", "2019-03-04 22:47:40.873686"], ["updated_at", "2019-03-04 22:47:40.873686"]]
  ↳ db/seeds.rb:14
  [1m[35m (2.1ms)[0m  [1m[36mcommit transaction[0m
  ↳ db/seeds.rb:14
  [1m[35m (0.1ms)[0m  [1m[36mbegin transaction[0m
  ↳ db/seeds.rb:15
  [1m[36mExercise Create (0.4ms)[0m  [1m[32mINSERT INTO "exercises" ("name", "created_at", "updated_at") VALUES (?, ?, ?)[0m  [["name", "Deadlifts"], ["created_at", "2019-03-04 22:47:40.877603"], ["updated_at", "2019-03-04 22:47:40.877603"]]
  ↳ db/seeds.rb:15
  [1m[35m (2.1ms)[0m  [1m[36mcommit transaction[0m
  ↳ db/seeds.rb:15
  [1m[35m (0.1ms)[0m  [1m[36mbegin transaction[0m
  ↳ db/seeds.rb:17
  [1m[36mWorkout Load (0.2ms)[0m  [1m[34mSELECT  "workouts".* FROM "workouts" WHERE "workouts"."id" = ? LIMIT ?[0m  [["id", 4], ["LIMIT", 1]]
  ↳ db/seeds.rb:17
  [1m[36mExercise Load (0.1ms)[0m  [1m[34mSELECT  "exercises".* FROM "exercises" WHERE "exercises"."id" = ? LIMIT ?[0m  [["id", 13], ["LIMIT", 1]]
  ↳ db/seeds.rb:17
  [1m[36mWorkoutExercise Create (0.4ms)[0m  [1m[32mINSERT INTO "workout_exercises" ("workout_id", "exercise_id", "sets", "reps", "weight", "created_at", "updated_at") VALUES (?, ?, ?, ?, ?, ?, ?)[0m  [["workout_id", 4], ["exercise_id", 13], ["sets", 4], ["reps", 12], ["weight", "100 lbs"], ["created_at", "2019-03-04 22:47:40.885941"], ["updated_at", "2019-03-04 22:47:40.885941"]]
  ↳ db/seeds.rb:17
  [1m[35m (1.9ms)[0m  [1m[36mcommit transaction[0m
  ↳ db/seeds.rb:17
  [1m[35m (0.1ms)[0m  [1m[36mbegin transaction[0m
  ↳ db/seeds.rb:18
  [1m[36mWorkout Load (0.1ms)[0m  [1m[34mSELECT  "workouts".* FROM "workouts" WHERE "workouts"."id" = ? LIMIT ?[0m  [["id", 5], ["LIMIT", 1]]
  ↳ db/seeds.rb:18
  [1m[36mExercise Load (0.1ms)[0m  [1m[34mSELECT  "exercises".* FROM "exercises" WHERE "exercises"."id" = ? LIMIT ?[0m  [["id", 14], ["LIMIT", 1]]
  ↳ db/seeds.rb:18
  [1m[36mWorkoutExercise Create (0.4ms)[0m  [1m[32mINSERT INTO "workout_exercises" ("workout_id", "exercise_id", "sets", "reps", "weight", "created_at", "updated_at") VALUES (?, ?, ?, ?, ?, ?, ?)[0m  [["workout_id", 5], ["exercise_id", 14], ["sets", 3], ["reps", 25], ["weight", "30 lbs"], ["created_at", "2019-03-04 22:47:40.891809"], ["updated_at", "2019-03-04 22:47:40.891809"]]
  ↳ db/seeds.rb:18
  [1m[35m (1.8ms)[0m  [1m[36mcommit transaction[0m
  ↳ db/seeds.rb:18
  [1m[35m (0.1ms)[0m  [1m[36mbegin transaction[0m
  ↳ db/seeds.rb:19
  [1m[36mWorkout Load (0.2ms)[0m  [1m[34mSELECT  "workouts".* FROM "workouts" WHERE "workouts"."id" = ? LIMIT ?[0m  [["id", 6], ["LIMIT", 1]]
  ↳ db/seeds.rb:19
  [1m[36mExercise Load (0.1ms)[0m  [1m[34mSELECT  "exercises".* FROM "exercises" WHERE "exercises"."id" = ? LIMIT ?[0m  [["id", 15], ["LIMIT", 1]]
  ↳ db/seeds.rb:19
  [1m[36mWorkoutExercise Create (0.6ms)[0m  [1m[32mINSERT INTO "workout_exercises" ("workout_id", "exercise_id", "sets", "reps", "weight", "created_at", "updated_at") VALUES (?, ?, ?, ?, ?, ?, ?)[0m  [["workout_id", 6], ["exercise_id", 15], ["sets", 5], ["reps", 8], ["weight", "95 lbs"], ["created_at", "2019-03-04 22:47:40.897364"], ["updated_at", "2019-03-04 22:47:40.897364"]]
  ↳ db/seeds.rb:19
  [1m[35m (2.0ms)[0m  [1m[36mcommit transaction[0m
  ↳ db/seeds.rb:19
  [1m[36mUser Load (0.6ms)[0m  [1m[34mSELECT  "users".* FROM "users" LIMIT ?[0m  [["LIMIT", 11]]
  [1m[35m (0.2ms)[0m  [1m[34mSELECT "schema_migrations"."version" FROM "schema_migrations" ORDER BY "schema_migrations"."version" ASC[0m
  ↳ bin/rails:9
Migrating to AddPasswordDigestToUsers (20190305144342)
  [1m[35m (0.1ms)[0m  [1m[36mbegin transaction[0m
  ↳ bin/rails:9
  [1m[35m (2.2ms)[0m  [1m[35mALTER TABLE "users" ADD "password_digest" varchar[0m
  ↳ db/migrate/20190305144342_add_password_digest_to_users.rb:3
  [1m[36mActiveRecord::SchemaMigration Create (0.3ms)[0m  [1m[32mINSERT INTO "schema_migrations" ("version") VALUES (?)[0m  [["version", "20190305144342"]]
  ↳ bin/rails:9
  [1m[35m (2.1ms)[0m  [1m[36mcommit transaction[0m
  ↳ bin/rails:9
  [1m[36mActiveRecord::InternalMetadata Load (0.3ms)[0m  [1m[34mSELECT  "ar_internal_metadata".* FROM "ar_internal_metadata" WHERE "ar_internal_metadata"."key" = ? LIMIT ?[0m  [["key", "environment"], ["LIMIT", 1]]
  ↳ bin/rails:9
  [1m[35m (0.2ms)[0m  [1m[36mbegin transaction[0m
  ↳ bin/rails:9
  [1m[35m (0.1ms)[0m  [1m[36mcommit transaction[0m
  ↳ bin/rails:9
  [1m[35m (0.2ms)[0m  [1m[34mSELECT "schema_migrations"."version" FROM "schema_migrations" ORDER BY "schema_migrations"."version" ASC[0m
  ↳ bin/rails:9
Started GET "/" for 127.0.0.1 at 2019-03-05 09:47:14 -0500
  [1m[35m (0.3ms)[0m  [1m[34mSELECT "schema_migrations"."version" FROM "schema_migrations" ORDER BY "schema_migrations"."version" ASC[0m
  ↳ /Users/willulman/.rvm/gems/ruby-2.6.0/gems/activerecord-5.2.2/lib/active_record/log_subscriber.rb:98
Processing by Rails::WelcomeController#index as HTML
  Rendering /Users/willulman/.rvm/gems/ruby-2.6.0/gems/railties-5.2.2/lib/rails/templates/rails/welcome/index.html.erb
  Rendered /Users/willulman/.rvm/gems/ruby-2.6.0/gems/railties-5.2.2/lib/rails/templates/rails/welcome/index.html.erb (9.5ms)
Completed 200 OK in 34ms (Views: 21.6ms | ActiveRecord: 0.0ms)


Started GET "/login" for 127.0.0.1 at 2019-03-05 09:47:19 -0500
Processing by SessionsController#new as HTML
Filter chain halted as :require_login rendered or redirected
Completed 403 Forbidden in 1ms (ActiveRecord: 0.0ms)


Started GET "/login" for 127.0.0.1 at 2019-03-05 09:48:36 -0500
Processing by SessionsController#new as HTML
  Rendering sessions/new.html.erb within layouts/application
  Rendered sessions/new.html.erb within layouts/application (8.7ms)
Completed 200 OK in 1264ms (Views: 1261.4ms | ActiveRecord: 0.0ms)


Started GET "/login" for 127.0.0.1 at 2019-03-05 09:49:42 -0500
Processing by SessionsController#new as HTML
  Rendering sessions/new.html.erb within layouts/application
  Rendered sessions/new.html.erb within layouts/application (2.1ms)
Completed 200 OK in 49ms (Views: 46.1ms | ActiveRecord: 0.0ms)


Started GET "/login" for 127.0.0.1 at 2019-03-05 09:51:23 -0500
Processing by SessionsController#new as HTML
  Rendering sessions/new.html.erb within layouts/application
  Rendered sessions/new.html.erb within layouts/application (2.1ms)
Completed 200 OK in 72ms (Views: 69.8ms | ActiveRecord: 0.0ms)


Started GET "/login" for 127.0.0.1 at 2019-03-05 09:51:34 -0500
Processing by SessionsController#new as HTML
  Rendering sessions/new.html.erb within layouts/application
  Rendered sessions/new.html.erb within layouts/application (1.2ms)
Completed 200 OK in 35ms (Views: 33.5ms | ActiveRecord: 0.0ms)


Started GET "/login" for 127.0.0.1 at 2019-03-05 09:51:38 -0500
Processing by SessionsController#new as HTML
  Rendering sessions/new.html.erb within layouts/application
  Rendered sessions/new.html.erb within layouts/application (1.5ms)
Completed 200 OK in 49ms (Views: 47.0ms | ActiveRecord: 0.0ms)


Started GET "/login" for 127.0.0.1 at 2019-03-05 09:51:45 -0500
Processing by SessionsController#new as HTML
  Rendering sessions/new.html.erb within layouts/application
  Rendered sessions/new.html.erb within layouts/application (1.1ms)
Completed 200 OK in 37ms (Views: 35.2ms | ActiveRecord: 0.0ms)


Started GET "/login" for 127.0.0.1 at 2019-03-05 09:51:51 -0500
Processing by SessionsController#new as HTML
  Rendering sessions/new.html.erb within layouts/application
  Rendered sessions/new.html.erb within layouts/application (1.0ms)
Completed 200 OK in 33ms (Views: 31.2ms | ActiveRecord: 0.0ms)


Started GET "/users/new" for 127.0.0.1 at 2019-03-05 09:51:57 -0500
Processing by UsersController#new as HTML
  Rendering users/new.html.erb within layouts/application
  Rendered users/new.html.erb within layouts/application (23.2ms)
Completed 200 OK in 77ms (Views: 72.9ms | ActiveRecord: 0.0ms)


Started GET "/users/new" for 127.0.0.1 at 2019-03-05 09:52:17 -0500
Processing by UsersController#new as HTML
  Rendering users/new.html.erb within layouts/application
  Rendered users/new.html.erb within layouts/application (1.0ms)
Completed 200 OK in 37ms (Views: 34.9ms | ActiveRecord: 0.0ms)


Started GET "/users/new" for 127.0.0.1 at 2019-03-05 09:52:25 -0500
Processing by UsersController#new as HTML
  Rendering users/new.html.erb within layouts/application
  Rendered users/new.html.erb within layouts/application (1.6ms)
Completed 200 OK in 48ms (Views: 45.8ms | ActiveRecord: 0.0ms)


Started POST "/users" for 127.0.0.1 at 2019-03-05 09:52:49 -0500
Processing by UsersController#create as HTML
  Parameters: {"utf8"=>"✓", "authenticity_token"=>"2ssDSegbEzZduZmQwUbV4ITIzym1RDknQaLFUFiM6891iycuC5Ya3u9tU0QJ7SzKZoVcqCAe6Dy36+esSfNl0Q==", "user"=>{"username"=>"will", "password"=>"[FILTERED]", "password_confirmation"=>"[FILTERED]"}, "commit"=>"Submit"}
  [1m[35m (0.1ms)[0m  [1m[36mbegin transaction[0m
  ↳ app/controllers/users_controller.rb:7
  [1m[36mUser Create (0.9ms)[0m  [1m[32mINSERT INTO "users" ("username", "created_at", "updated_at", "password_digest") VALUES (?, ?, ?, ?)[0m  [["username", "will"], ["created_at", "2019-03-05 14:52:49.969111"], ["updated_at", "2019-03-05 14:52:49.969111"], ["password_digest", "$2a$10$ruuNQwfHOfebCGlIsqonp.H89cut6/xyqMcsztJKSdEHHxF9.x.fK"]]
  ↳ app/controllers/users_controller.rb:7
  [1m[35m (2.3ms)[0m  [1m[36mcommit transaction[0m
  ↳ app/controllers/users_controller.rb:7
No template found for UsersController#create, rendering head :no_content
Completed 204 No Content in 169ms (ActiveRecord: 4.7ms)


Started GET "/users/new" for 127.0.0.1 at 2019-03-05 09:55:49 -0500
Processing by UsersController#new as HTML
  Rendering users/new.html.erb within layouts/application
  Rendered users/new.html.erb within layouts/application (25.4ms)
Completed 200 OK in 110ms (Views: 86.2ms | ActiveRecord: 1.4ms)


Started POST "/users" for 127.0.0.1 at 2019-03-05 09:56:01 -0500
Processing by UsersController#create as HTML
  Parameters: {"utf8"=>"✓", "authenticity_token"=>"cFIFfa++XScoa9oyTzt1FMQ0H5hXYD8lyg+bocroVPbfEiEaTDNUz5q/EOaHkIw+JnmMGcI67j48Rrld25fa6A==", "user"=>{"username"=>"will", "password"=>"[FILTERED]"}, "commit"=>"Create User"}
  [1m[35m (0.1ms)[0m  [1m[36mbegin transaction[0m
  ↳ app/controllers/users_controller.rb:9
  [1m[36mUser Create (0.6ms)[0m  [1m[32mINSERT INTO "users" ("username", "created_at", "updated_at", "password_digest") VALUES (?, ?, ?, ?)[0m  [["username", "will"], ["created_at", "2019-03-05 14:56:01.431625"], ["updated_at", "2019-03-05 14:56:01.431625"], ["password_digest", "$2a$10$rrznrvrtmnGZMwsg7oygV.qSuaGoWzUSi7Lq2ubdfB7RZwS37j8AG"]]
  ↳ app/controllers/users_controller.rb:9
  [1m[35m (1.9ms)[0m  [1m[36mcommit transaction[0m
  ↳ app/controllers/users_controller.rb:9
Redirected to http://localhost:3000/workouts
Completed 302 Found in 84ms (ActiveRecord: 2.5ms)


Started GET "/workouts" for 127.0.0.1 at 2019-03-05 09:56:01 -0500
Processing by WorkoutsController#index as HTML
  Rendering workouts/index.html.erb within layouts/application
  Rendered workouts/index.html.erb within layouts/application (0.9ms)
Completed 200 OK in 119ms (Views: 113.2ms | ActiveRecord: 0.0ms)


Started GET "/login" for 127.0.0.1 at 2019-03-05 09:59:21 -0500
Processing by SessionsController#new as HTML
  Rendering sessions/new.html.erb within layouts/application
  Rendered sessions/new.html.erb within layouts/application (373.6ms)
Completed 500 Internal Server Error in 381ms (ActiveRecord: 0.0ms)


  
ActionView::Template::Error (undefined local variable or method `root_path' for #<#<Class:0x00007fd330ae4290>:0x00007fd32faa28f0>
Did you mean?  logout_path
               font_path):
    13:   <%= submit_tag("Login") %>
    14: <% end %>
    15: 
    16: <%= link_to("Homepage", root_path) %>
  
app/views/sessions/new.html.erb:16:in `_app_views_sessions_new_html_erb___3102845766608252632_70272515777780'
Started GET "/login" for 127.0.0.1 at 2019-03-05 09:59:28 -0500
Processing by SessionsController#new as HTML
  Rendering sessions/new.html.erb within layouts/application
  Rendered sessions/new.html.erb within layouts/application (1.8ms)
Completed 200 OK in 67ms (Views: 64.8ms | ActiveRecord: 0.0ms)


